# JRE version: Java(TM) SE Runtime Environment (8.0_65-b17) (build 1.8.0_65-b17)
# Java VM: Java HotSpot(TM) 64-Bit Server VM (25.65-b01 mixed mode windows-amd64 compressed oops)
Heap:
 PSYoungGen      total 295424K, used 84176K [0x00000000d5e00000, 0x00000000e9780000, 0x0000000100000000)
  eden space 281600K, 26% used [0x00000000d5e00000,0x00000000da6157f0,0x00000000e7100000)
  from space 13824K, 74% used [0x00000000e7f00000,0x00000000e891e928,0x00000000e8c80000)
  to   space 14336K, 0% used [0x00000000e7100000,0x00000000e7100000,0x00000000e7f00000)
 ParOldGen       total 86016K, used 25293K [0x0000000081a00000, 0x0000000086e00000, 0x00000000d5e00000)
  object space 86016K, 29% used [0x0000000081a00000,0x00000000832b34c8,0x0000000086e00000)
 Metaspace       used 58131K, capacity 58738K, committed 59160K, reserved 1101824K
  class space    used 7302K, capacity 7452K, committed 7472K, reserved 1048576K
GC Heap History (10 events):
Event: 5.497 GC heap before
{Heap before GC invocations=10 (full 1):
 PSYoungGen      total 165376K, used 21884K [0x00000000d5e00000, 0x00000000e3500000, 0x0000000100000000)
  eden space 154624K, 7% used [0x00000000d5e00000,0x00000000d68e5300,0x00000000df500000)
  from space 10752K, 99% used [0x00000000e0200000,0x00000000e0c79ed8,0x00000000e0c80000)
  to   space 13312K, 0% used [0x00000000df500000,0x00000000df500000,0x00000000e0200000)
 ParOldGen       total 60928K, used 12384K [0x0000000081a00000, 0x0000000085580000, 0x00000000d5e00000)
  object space 60928K, 20% used [0x0000000081a00000,0x00000000826181a8,0x0000000085580000)
 Metaspace       used 34836K, capacity 35272K, committed 35496K, reserved 1081344K
  class space    used 4236K, capacity 4343K, committed 4400K, reserved 1048576K
Event: 5.507 GC heap after
Heap after GC invocations=10 (full 1):
 PSYoungGen      total 167936K, used 8825K [0x00000000d5e00000, 0x00000000e5280000, 0x0000000100000000)
  eden space 154624K, 0% used [0x00000000d5e00000,0x00000000d5e00000,0x00000000df500000)
  from space 13312K, 66% used [0x00000000df500000,0x00000000dfd9e778,0x00000000e0200000)
  to   space 13312K, 0% used [0x00000000e4580000,0x00000000e4580000,0x00000000e5280000)
 ParOldGen       total 60928K, used 14293K [0x0000000081a00000, 0x0000000085580000, 0x00000000d5e00000)
  object space 60928K, 23% used [0x0000000081a00000,0x00000000827f5760,0x0000000085580000)
 Metaspace       used 34836K, capacity 35272K, committed 35496K, reserved 1081344K
  class space    used 4236K, capacity 4343K, committed 4400K, reserved 1048576K
}
Event: 5.507 GC heap before
{Heap before GC invocations=11 (full 2):
 PSYoungGen      total 167936K, used 8825K [0x00000000d5e00000, 0x00000000e5280000, 0x0000000100000000)
  eden space 154624K, 0% used [0x00000000d5e00000,0x00000000d5e00000,0x00000000df500000)
  from space 13312K, 66% used [0x00000000df500000,0x00000000dfd9e778,0x00000000e0200000)
  to   space 13312K, 0% used [0x00000000e4580000,0x00000000e4580000,0x00000000e5280000)
 ParOldGen       total 60928K, used 14293K [0x0000000081a00000, 0x0000000085580000, 0x00000000d5e00000)
  object space 60928K, 23% used [0x0000000081a00000,0x00000000827f5760,0x0000000085580000)
 Metaspace       used 34836K, capacity 35272K, committed 35496K, reserved 1081344K
  class space    used 4236K, capacity 4343K, committed 4400K, reserved 1048576K
Event: 5.584 GC heap after
Heap after GC invocations=11 (full 2):
 PSYoungGen      total 167936K, used 0K [0x00000000d5e00000, 0x00000000e5280000, 0x0000000100000000)
  eden space 154624K, 0% used [0x00000000d5e00000,0x00000000d5e00000,0x00000000df500000)
  from space 13312K, 0% used [0x00000000df500000,0x00000000df500000,0x00000000e0200000)
  to   space 13312K, 0% used [0x00000000e4580000,0x00000000e4580000,0x00000000e5280000)
 ParOldGen       total 86016K, used 17110K [0x0000000081a00000, 0x0000000086e00000, 0x00000000d5e00000)
  object space 86016K, 19% used [0x0000000081a00000,0x0000000082ab5860,0x0000000086e00000)
 Metaspace       used 34836K, capacity 35272K, committed 35496K, reserved 1081344K
  class space    used 4236K, capacity 4343K, committed 4400K, reserved 1048576K
}
Event: 7.719 GC heap before
{Heap before GC invocations=12 (full 2):
 PSYoungGen      total 167936K, used 154624K [0x00000000d5e00000, 0x00000000e5280000, 0x0000000100000000)
  eden space 154624K, 100% used [0x00000000d5e00000,0x00000000df500000,0x00000000df500000)
  from space 13312K, 0% used [0x00000000df500000,0x00000000df500000,0x00000000e0200000)
  to   space 13312K, 0% used [0x00000000e4580000,0x00000000e4580000,0x00000000e5280000)
 ParOldGen       total 86016K, used 17110K [0x0000000081a00000, 0x0000000086e00000, 0x00000000d5e00000)
  object space 86016K, 19% used [0x0000000081a00000,0x0000000082ab5860,0x0000000086e00000)
 Metaspace       used 45115K, capacity 45600K, committed 45872K, reserved 1089536K
  class space    used 5753K, capacity 5883K, committed 5936K, reserved 1048576K
Event: 7.732 GC heap after
Heap after GC invocations=12 (full 2):
 PSYoungGen      total 222720K, used 11349K [0x00000000d5e00000, 0x00000000e5100000, 0x0000000100000000)
  eden space 210944K, 0% used [0x00000000d5e00000,0x00000000d5e00000,0x00000000e2c00000)
  from space 11776K, 96% used [0x00000000e4580000,0x00000000e5095468,0x00000000e5100000)
  to   space 13824K, 0% used [0x00000000e3600000,0x00000000e3600000,0x00000000e4380000)
 ParOldGen       total 86016K, used 17118K [0x0000000081a00000, 0x0000000086e00000, 0x00000000d5e00000)
  object space 86016K, 19% used [0x0000000081a00000,0x0000000082ab7860,0x0000000086e00000)
 Metaspace       used 45115K, capacity 45600K, committed 45872K, reserved 1089536K
  class space    used 5753K, capacity 5883K, committed 5936K, reserved 1048576K
}
Event: 9.440 GC heap before
{Heap before GC invocations=13 (full 2):
 PSYoungGen      total 222720K, used 222293K [0x00000000d5e00000, 0x00000000e5100000, 0x0000000100000000)
  eden space 210944K, 100% used [0x00000000d5e00000,0x00000000e2c00000,0x00000000e2c00000)
  from space 11776K, 96% used [0x00000000e4580000,0x00000000e5095468,0x00000000e5100000)
  to   space 13824K, 0% used [0x00000000e3600000,0x00000000e3600000,0x00000000e4380000)
 ParOldGen       total 86016K, used 17118K [0x0000000081a00000, 0x0000000086e00000, 0x00000000d5e00000)
  object space 86016K, 19% used [0x0000000081a00000,0x0000000082ab7860,0x0000000086e00000)
 Metaspace       used 50484K, capacity 50994K, committed 51376K, reserved 1093632K
  class space    used 6400K, capacity 6510K, committed 6576K, reserved 1048576K
Event: 9.463 GC heap after
Heap after GC invocations=13 (full 2):
 PSYoungGen      total 235008K, used 9460K [0x00000000d5e00000, 0x00000000e8c80000, 0x0000000100000000)
  eden space 221184K, 0% used [0x00000000d5e00000,0x00000000d5e00000,0x00000000e3600000)
  from space 13824K, 68% used [0x00000000e3600000,0x00000000e3f3d0f0,0x00000000e4380000)
  to   space 13824K, 0% used [0x00000000e7f00000,0x00000000e7f00000,0x00000000e8c80000)
 ParOldGen       total 86016K, used 20330K [0x0000000081a00000, 0x0000000086e00000, 0x00000000d5e00000)
  object space 86016K, 23% used [0x0000000081a00000,0x0000000082dda8c0,0x0000000086e00000)
 Metaspace       used 50484K, capacity 50994K, committed 51376K, reserved 1093632K
  class space    used 6400K, capacity 6510K, committed 6576K, reserved 1048576K
}
Event: 10.915 GC heap before
{Heap before GC invocations=14 (full 2):
 PSYoungGen      total 235008K, used 230644K [0x00000000d5e00000, 0x00000000e8c80000, 0x0000000100000000)
  eden space 221184K, 100% used [0x00000000d5e00000,0x00000000e3600000,0x00000000e3600000)
  from space 13824K, 68% used [0x00000000e3600000,0x00000000e3f3d0f0,0x00000000e4380000)
  to   space 13824K, 0% used [0x00000000e7f00000,0x00000000e7f00000,0x00000000e8c80000)
 ParOldGen       total 86016K, used 20330K [0x0000000081a00000, 0x0000000086e00000, 0x00000000d5e00000)
  object space 86016K, 23% used [0x0000000081a00000,0x0000000082dda8c0,0x0000000086e00000)
 Metaspace       used 55078K, capacity 55616K, committed 55984K, reserved 1097728K
  class space    used 6908K, capacity 7045K, committed 7088K, reserved 1048576K
Event: 10.940 GC heap after
Heap after GC invocations=14 (full 2):
 PSYoungGen      total 295424K, used 10362K [0x00000000d5e00000, 0x00000000e9780000, 0x0000000100000000)
  eden space 281600K, 0% used [0x00000000d5e00000,0x00000000d5e00000,0x00000000e7100000)
  from space 13824K, 74% used [0x00000000e7f00000,0x00000000e891e928,0x00000000e8c80000)
  to   space 14336K, 0% used [0x00000000e7100000,0x00000000e7100000,0x00000000e7f00000)
 ParOldGen       total 86016K, used 25293K [0x0000000081a00000, 0x0000000086e00000, 0x00000000d5e00000)
  object space 86016K, 29% used [0x0000000081a00000,0x00000000832b34c8,0x0000000086e00000)
 Metaspace       used 55078K, capacity 55616K, committed 55984K, reserved 1097728K
  class space    used 6908K, capacity 7045K, committed 7088K, reserved 1048576K
}

